<?xml version="1.0" encoding="UTF-8"?>
<testsuite xmlns:xsi="http://www.w3.org/2001/XMLSchema-instance" xsi:noNamespaceSchemaLocation="https://maven.apache.org/surefire/maven-surefire-plugin/xsd/surefire-test-report.xsd" name="com.graphdatabase.GraphApplicationTests" time="6.081" tests="9" errors="3" skipped="0" failures="0">
  <properties>
    <property name="sun.desktop" value="windows"/>
    <property name="awt.toolkit" value="sun.awt.windows.WToolkit"/>
    <property name="file.encoding.pkg" value="sun.io"/>
    <property name="java.specification.version" value="1.8"/>
    <property name="sun.cpu.isalist" value="amd64"/>
    <property name="sun.jnu.encoding" value="GBK"/>
    <property name="java.class.path" value="F:\1_git\neo4jGraph\target\test-classes;F:\1_git\neo4jGraph\target\classes;D:\Resources\MavenRepository\org\neo4j\neo4j-ogm-http-driver\3.1.0\neo4j-ogm-http-driver-3.1.0.jar;D:\Resources\MavenRepository\org\neo4j\neo4j-ogm-api\3.1.0\neo4j-ogm-api-3.1.0.jar;D:\Resources\MavenRepository\com\fasterxml\jackson\core\jackson-databind\2.9.6\jackson-databind-2.9.6.jar;D:\Resources\MavenRepository\com\fasterxml\jackson\core\jackson-annotations\2.9.0\jackson-annotations-2.9.0.jar;D:\Resources\MavenRepository\com\fasterxml\jackson\core\jackson-core\2.9.6\jackson-core-2.9.6.jar;D:\Resources\MavenRepository\org\slf4j\slf4j-api\1.7.25\slf4j-api-1.7.25.jar;D:\Resources\MavenRepository\commons-codec\commons-codec\1.11\commons-codec-1.11.jar;D:\Resources\MavenRepository\org\apache\httpcomponents\httpclient\4.5.5\httpclient-4.5.5.jar;D:\Resources\MavenRepository\org\apache\httpcomponents\httpcore\4.4.9\httpcore-4.4.9.jar;D:\Resources\MavenRepository\commons-io\commons-io\2.4\commons-io-2.4.jar;D:\Resources\MavenRepository\org\springframework\boot\spring-boot-starter-data-neo4j\2.0.3.RELEASE\spring-boot-starter-data-neo4j-2.0.3.RELEASE.jar;D:\Resources\MavenRepository\org\springframework\boot\spring-boot-starter\2.0.3.RELEASE\spring-boot-starter-2.0.3.RELEASE.jar;D:\Resources\MavenRepository\org\springframework\boot\spring-boot\2.0.3.RELEASE\spring-boot-2.0.3.RELEASE.jar;D:\Resources\MavenRepository\org\springframework\boot\spring-boot-autoconfigure\2.0.3.RELEASE\spring-boot-autoconfigure-2.0.3.RELEASE.jar;D:\Resources\MavenRepository\org\springframework\boot\spring-boot-starter-logging\2.0.3.RELEASE\spring-boot-starter-logging-2.0.3.RELEASE.jar;D:\Resources\MavenRepository\ch\qos\logback\logback-classic\1.2.3\logback-classic-1.2.3.jar;D:\Resources\MavenRepository\ch\qos\logback\logback-core\1.2.3\logback-core-1.2.3.jar;D:\Resources\MavenRepository\org\apache\logging\log4j\log4j-to-slf4j\2.10.0\log4j-to-slf4j-2.10.0.jar;D:\Resources\MavenRepository\org\apache\logging\log4j\log4j-api\2.10.0\log4j-api-2.10.0.jar;D:\Resources\MavenRepository\org\slf4j\jul-to-slf4j\1.7.25\jul-to-slf4j-1.7.25.jar;D:\Resources\MavenRepository\javax\annotation\javax.annotation-api\1.3.2\javax.annotation-api-1.3.2.jar;D:\Resources\MavenRepository\org\yaml\snakeyaml\1.19\snakeyaml-1.19.jar;D:\Resources\MavenRepository\org\springframework\data\spring-data-neo4j\5.0.8.RELEASE\spring-data-neo4j-5.0.8.RELEASE.jar;D:\Resources\MavenRepository\org\springframework\spring-tx\5.0.7.RELEASE\spring-tx-5.0.7.RELEASE.jar;D:\Resources\MavenRepository\org\springframework\spring-context\5.0.7.RELEASE\spring-context-5.0.7.RELEASE.jar;D:\Resources\MavenRepository\org\springframework\spring-beans\5.0.7.RELEASE\spring-beans-5.0.7.RELEASE.jar;D:\Resources\MavenRepository\org\springframework\data\spring-data-commons\2.0.8.RELEASE\spring-data-commons-2.0.8.RELEASE.jar;D:\Resources\MavenRepository\org\neo4j\neo4j-ogm-core\3.1.0\neo4j-ogm-core-3.1.0.jar;D:\Resources\MavenRepository\org\apache\commons\commons-lang3\3.7\commons-lang3-3.7.jar;D:\Resources\MavenRepository\io\github\lukehutch\fast-classpath-scanner\2.7.4\fast-classpath-scanner-2.7.4.jar;D:\Resources\MavenRepository\org\neo4j\neo4j-ogm-bolt-driver\3.1.0\neo4j-ogm-bolt-driver-3.1.0.jar;D:\Resources\MavenRepository\org\neo4j\driver\neo4j-java-driver\1.5.0\neo4j-java-driver-1.5.0.jar;D:\Resources\MavenRepository\org\springframework\boot\spring-boot-starter-web\2.0.3.RELEASE\spring-boot-starter-web-2.0.3.RELEASE.jar;D:\Resources\MavenRepository\org\springframework\boot\spring-boot-starter-json\2.0.3.RELEASE\spring-boot-starter-json-2.0.3.RELEASE.jar;D:\Resources\MavenRepository\com\fasterxml\jackson\datatype\jackson-datatype-jdk8\2.9.6\jackson-datatype-jdk8-2.9.6.jar;D:\Resources\MavenRepository\com\fasterxml\jackson\datatype\jackson-datatype-jsr310\2.9.6\jackson-datatype-jsr310-2.9.6.jar;D:\Resources\MavenRepository\com\fasterxml\jackson\module\jackson-module-parameter-names\2.9.6\jackson-module-parameter-names-2.9.6.jar;D:\Resources\MavenRepository\org\springframework\boot\spring-boot-starter-tomcat\2.0.3.RELEASE\spring-boot-starter-tomcat-2.0.3.RELEASE.jar;D:\Resources\MavenRepository\org\apache\tomcat\embed\tomcat-embed-core\8.5.31\tomcat-embed-core-8.5.31.jar;D:\Resources\MavenRepository\org\apache\tomcat\embed\tomcat-embed-el\8.5.31\tomcat-embed-el-8.5.31.jar;D:\Resources\MavenRepository\org\apache\tomcat\embed\tomcat-embed-websocket\8.5.31\tomcat-embed-websocket-8.5.31.jar;D:\Resources\MavenRepository\org\hibernate\validator\hibernate-validator\6.0.10.Final\hibernate-validator-6.0.10.Final.jar;D:\Resources\MavenRepository\javax\validation\validation-api\2.0.1.Final\validation-api-2.0.1.Final.jar;D:\Resources\MavenRepository\org\jboss\logging\jboss-logging\3.3.2.Final\jboss-logging-3.3.2.Final.jar;D:\Resources\MavenRepository\com\fasterxml\classmate\1.3.4\classmate-1.3.4.jar;D:\Resources\MavenRepository\org\springframework\spring-web\5.0.7.RELEASE\spring-web-5.0.7.RELEASE.jar;D:\Resources\MavenRepository\org\springframework\spring-webmvc\5.0.7.RELEASE\spring-webmvc-5.0.7.RELEASE.jar;D:\Resources\MavenRepository\org\springframework\spring-aop\5.0.7.RELEASE\spring-aop-5.0.7.RELEASE.jar;D:\Resources\MavenRepository\org\springframework\spring-expression\5.0.7.RELEASE\spring-expression-5.0.7.RELEASE.jar;D:\Resources\MavenRepository\org\mybatis\spring\boot\mybatis-spring-boot-starter\2.1.0\mybatis-spring-boot-starter-2.1.0.jar;D:\Resources\MavenRepository\org\springframework\boot\spring-boot-starter-jdbc\2.0.3.RELEASE\spring-boot-starter-jdbc-2.0.3.RELEASE.jar;D:\Resources\MavenRepository\com\zaxxer\HikariCP\2.7.9\HikariCP-2.7.9.jar;D:\Resources\MavenRepository\org\springframework\spring-jdbc\5.0.7.RELEASE\spring-jdbc-5.0.7.RELEASE.jar;D:\Resources\MavenRepository\org\mybatis\spring\boot\mybatis-spring-boot-autoconfigure\2.1.0\mybatis-spring-boot-autoconfigure-2.1.0.jar;D:\Resources\MavenRepository\org\mybatis\mybatis\3.5.2\mybatis-3.5.2.jar;D:\Resources\MavenRepository\org\mybatis\mybatis-spring\2.0.2\mybatis-spring-2.0.2.jar;D:\Resources\MavenRepository\org\projectlombok\lombok\1.16.22\lombok-1.16.22.jar;D:\Resources\MavenRepository\org\springframework\boot\spring-boot-starter-test\2.0.3.RELEASE\spring-boot-starter-test-2.0.3.RELEASE.jar;D:\Resources\MavenRepository\org\springframework\boot\spring-boot-test\2.0.3.RELEASE\spring-boot-test-2.0.3.RELEASE.jar;D:\Resources\MavenRepository\org\springframework\boot\spring-boot-test-autoconfigure\2.0.3.RELEASE\spring-boot-test-autoconfigure-2.0.3.RELEASE.jar;D:\Resources\MavenRepository\com\jayway\jsonpath\json-path\2.4.0\json-path-2.4.0.jar;D:\Resources\MavenRepository\net\minidev\json-smart\2.3\json-smart-2.3.jar;D:\Resources\MavenRepository\net\minidev\accessors-smart\1.2\accessors-smart-1.2.jar;D:\Resources\MavenRepository\org\ow2\asm\asm\5.0.4\asm-5.0.4.jar;D:\Resources\MavenRepository\junit\junit\4.12\junit-4.12.jar;D:\Resources\MavenRepository\org\assertj\assertj-core\3.9.1\assertj-core-3.9.1.jar;D:\Resources\MavenRepository\org\mockito\mockito-core\2.15.0\mockito-core-2.15.0.jar;D:\Resources\MavenRepository\net\bytebuddy\byte-buddy\1.7.11\byte-buddy-1.7.11.jar;D:\Resources\MavenRepository\net\bytebuddy\byte-buddy-agent\1.7.11\byte-buddy-agent-1.7.11.jar;D:\Resources\MavenRepository\org\objenesis\objenesis\2.6\objenesis-2.6.jar;D:\Resources\MavenRepository\org\hamcrest\hamcrest-core\1.3\hamcrest-core-1.3.jar;D:\Resources\MavenRepository\org\hamcrest\hamcrest-library\1.3\hamcrest-library-1.3.jar;D:\Resources\MavenRepository\org\skyscreamer\jsonassert\1.5.0\jsonassert-1.5.0.jar;D:\Resources\MavenRepository\com\vaadin\external\google\android-json\0.0.20131108.vaadin1\android-json-0.0.20131108.vaadin1.jar;D:\Resources\MavenRepository\org\springframework\spring-core\5.0.7.RELEASE\spring-core-5.0.7.RELEASE.jar;D:\Resources\MavenRepository\org\springframework\spring-jcl\5.0.7.RELEASE\spring-jcl-5.0.7.RELEASE.jar;D:\Resources\MavenRepository\org\springframework\spring-test\5.0.7.RELEASE\spring-test-5.0.7.RELEASE.jar;D:\Resources\MavenRepository\org\xmlunit\xmlunit-core\2.5.1\xmlunit-core-2.5.1.jar;"/>
    <property name="java.vm.vendor" value="Oracle Corporation"/>
    <property name="sun.arch.data.model" value="64"/>
    <property name="user.variant" value=""/>
    <property name="java.vendor.url" value="http://java.oracle.com/"/>
    <property name="user.timezone" value=""/>
    <property name="java.vm.specification.version" value="1.8"/>
    <property name="os.name" value="Windows 10"/>
    <property name="user.country" value="CN"/>
    <property name="sun.java.launcher" value="SUN_STANDARD"/>
    <property name="sun.boot.library.path" value="C:\Program Files\Java\jdk1.8.0_101\jre\bin"/>
    <property name="sun.java.command" value="C:\Users\TWINKL~1\AppData\Local\Temp\surefire9216864437875624099\surefirebooter3707134497375313743.jar C:\Users\twinkleYee\AppData\Local\Temp\surefire9216864437875624099 2019-11-03T11-49-54_306-jvmRun1 surefire5604781984650327155tmp surefire_01252216921565771019tmp"/>
    <property name="surefire.test.class.path" value="F:\1_git\neo4jGraph\target\test-classes;F:\1_git\neo4jGraph\target\classes;D:\Resources\MavenRepository\org\neo4j\neo4j-ogm-http-driver\3.1.0\neo4j-ogm-http-driver-3.1.0.jar;D:\Resources\MavenRepository\org\neo4j\neo4j-ogm-api\3.1.0\neo4j-ogm-api-3.1.0.jar;D:\Resources\MavenRepository\com\fasterxml\jackson\core\jackson-databind\2.9.6\jackson-databind-2.9.6.jar;D:\Resources\MavenRepository\com\fasterxml\jackson\core\jackson-annotations\2.9.0\jackson-annotations-2.9.0.jar;D:\Resources\MavenRepository\com\fasterxml\jackson\core\jackson-core\2.9.6\jackson-core-2.9.6.jar;D:\Resources\MavenRepository\org\slf4j\slf4j-api\1.7.25\slf4j-api-1.7.25.jar;D:\Resources\MavenRepository\commons-codec\commons-codec\1.11\commons-codec-1.11.jar;D:\Resources\MavenRepository\org\apache\httpcomponents\httpclient\4.5.5\httpclient-4.5.5.jar;D:\Resources\MavenRepository\org\apache\httpcomponents\httpcore\4.4.9\httpcore-4.4.9.jar;D:\Resources\MavenRepository\commons-io\commons-io\2.4\commons-io-2.4.jar;D:\Resources\MavenRepository\org\springframework\boot\spring-boot-starter-data-neo4j\2.0.3.RELEASE\spring-boot-starter-data-neo4j-2.0.3.RELEASE.jar;D:\Resources\MavenRepository\org\springframework\boot\spring-boot-starter\2.0.3.RELEASE\spring-boot-starter-2.0.3.RELEASE.jar;D:\Resources\MavenRepository\org\springframework\boot\spring-boot\2.0.3.RELEASE\spring-boot-2.0.3.RELEASE.jar;D:\Resources\MavenRepository\org\springframework\boot\spring-boot-autoconfigure\2.0.3.RELEASE\spring-boot-autoconfigure-2.0.3.RELEASE.jar;D:\Resources\MavenRepository\org\springframework\boot\spring-boot-starter-logging\2.0.3.RELEASE\spring-boot-starter-logging-2.0.3.RELEASE.jar;D:\Resources\MavenRepository\ch\qos\logback\logback-classic\1.2.3\logback-classic-1.2.3.jar;D:\Resources\MavenRepository\ch\qos\logback\logback-core\1.2.3\logback-core-1.2.3.jar;D:\Resources\MavenRepository\org\apache\logging\log4j\log4j-to-slf4j\2.10.0\log4j-to-slf4j-2.10.0.jar;D:\Resources\MavenRepository\org\apache\logging\log4j\log4j-api\2.10.0\log4j-api-2.10.0.jar;D:\Resources\MavenRepository\org\slf4j\jul-to-slf4j\1.7.25\jul-to-slf4j-1.7.25.jar;D:\Resources\MavenRepository\javax\annotation\javax.annotation-api\1.3.2\javax.annotation-api-1.3.2.jar;D:\Resources\MavenRepository\org\yaml\snakeyaml\1.19\snakeyaml-1.19.jar;D:\Resources\MavenRepository\org\springframework\data\spring-data-neo4j\5.0.8.RELEASE\spring-data-neo4j-5.0.8.RELEASE.jar;D:\Resources\MavenRepository\org\springframework\spring-tx\5.0.7.RELEASE\spring-tx-5.0.7.RELEASE.jar;D:\Resources\MavenRepository\org\springframework\spring-context\5.0.7.RELEASE\spring-context-5.0.7.RELEASE.jar;D:\Resources\MavenRepository\org\springframework\spring-beans\5.0.7.RELEASE\spring-beans-5.0.7.RELEASE.jar;D:\Resources\MavenRepository\org\springframework\data\spring-data-commons\2.0.8.RELEASE\spring-data-commons-2.0.8.RELEASE.jar;D:\Resources\MavenRepository\org\neo4j\neo4j-ogm-core\3.1.0\neo4j-ogm-core-3.1.0.jar;D:\Resources\MavenRepository\org\apache\commons\commons-lang3\3.7\commons-lang3-3.7.jar;D:\Resources\MavenRepository\io\github\lukehutch\fast-classpath-scanner\2.7.4\fast-classpath-scanner-2.7.4.jar;D:\Resources\MavenRepository\org\neo4j\neo4j-ogm-bolt-driver\3.1.0\neo4j-ogm-bolt-driver-3.1.0.jar;D:\Resources\MavenRepository\org\neo4j\driver\neo4j-java-driver\1.5.0\neo4j-java-driver-1.5.0.jar;D:\Resources\MavenRepository\org\springframework\boot\spring-boot-starter-web\2.0.3.RELEASE\spring-boot-starter-web-2.0.3.RELEASE.jar;D:\Resources\MavenRepository\org\springframework\boot\spring-boot-starter-json\2.0.3.RELEASE\spring-boot-starter-json-2.0.3.RELEASE.jar;D:\Resources\MavenRepository\com\fasterxml\jackson\datatype\jackson-datatype-jdk8\2.9.6\jackson-datatype-jdk8-2.9.6.jar;D:\Resources\MavenRepository\com\fasterxml\jackson\datatype\jackson-datatype-jsr310\2.9.6\jackson-datatype-jsr310-2.9.6.jar;D:\Resources\MavenRepository\com\fasterxml\jackson\module\jackson-module-parameter-names\2.9.6\jackson-module-parameter-names-2.9.6.jar;D:\Resources\MavenRepository\org\springframework\boot\spring-boot-starter-tomcat\2.0.3.RELEASE\spring-boot-starter-tomcat-2.0.3.RELEASE.jar;D:\Resources\MavenRepository\org\apache\tomcat\embed\tomcat-embed-core\8.5.31\tomcat-embed-core-8.5.31.jar;D:\Resources\MavenRepository\org\apache\tomcat\embed\tomcat-embed-el\8.5.31\tomcat-embed-el-8.5.31.jar;D:\Resources\MavenRepository\org\apache\tomcat\embed\tomcat-embed-websocket\8.5.31\tomcat-embed-websocket-8.5.31.jar;D:\Resources\MavenRepository\org\hibernate\validator\hibernate-validator\6.0.10.Final\hibernate-validator-6.0.10.Final.jar;D:\Resources\MavenRepository\javax\validation\validation-api\2.0.1.Final\validation-api-2.0.1.Final.jar;D:\Resources\MavenRepository\org\jboss\logging\jboss-logging\3.3.2.Final\jboss-logging-3.3.2.Final.jar;D:\Resources\MavenRepository\com\fasterxml\classmate\1.3.4\classmate-1.3.4.jar;D:\Resources\MavenRepository\org\springframework\spring-web\5.0.7.RELEASE\spring-web-5.0.7.RELEASE.jar;D:\Resources\MavenRepository\org\springframework\spring-webmvc\5.0.7.RELEASE\spring-webmvc-5.0.7.RELEASE.jar;D:\Resources\MavenRepository\org\springframework\spring-aop\5.0.7.RELEASE\spring-aop-5.0.7.RELEASE.jar;D:\Resources\MavenRepository\org\springframework\spring-expression\5.0.7.RELEASE\spring-expression-5.0.7.RELEASE.jar;D:\Resources\MavenRepository\org\mybatis\spring\boot\mybatis-spring-boot-starter\2.1.0\mybatis-spring-boot-starter-2.1.0.jar;D:\Resources\MavenRepository\org\springframework\boot\spring-boot-starter-jdbc\2.0.3.RELEASE\spring-boot-starter-jdbc-2.0.3.RELEASE.jar;D:\Resources\MavenRepository\com\zaxxer\HikariCP\2.7.9\HikariCP-2.7.9.jar;D:\Resources\MavenRepository\org\springframework\spring-jdbc\5.0.7.RELEASE\spring-jdbc-5.0.7.RELEASE.jar;D:\Resources\MavenRepository\org\mybatis\spring\boot\mybatis-spring-boot-autoconfigure\2.1.0\mybatis-spring-boot-autoconfigure-2.1.0.jar;D:\Resources\MavenRepository\org\mybatis\mybatis\3.5.2\mybatis-3.5.2.jar;D:\Resources\MavenRepository\org\mybatis\mybatis-spring\2.0.2\mybatis-spring-2.0.2.jar;D:\Resources\MavenRepository\org\projectlombok\lombok\1.16.22\lombok-1.16.22.jar;D:\Resources\MavenRepository\org\springframework\boot\spring-boot-starter-test\2.0.3.RELEASE\spring-boot-starter-test-2.0.3.RELEASE.jar;D:\Resources\MavenRepository\org\springframework\boot\spring-boot-test\2.0.3.RELEASE\spring-boot-test-2.0.3.RELEASE.jar;D:\Resources\MavenRepository\org\springframework\boot\spring-boot-test-autoconfigure\2.0.3.RELEASE\spring-boot-test-autoconfigure-2.0.3.RELEASE.jar;D:\Resources\MavenRepository\com\jayway\jsonpath\json-path\2.4.0\json-path-2.4.0.jar;D:\Resources\MavenRepository\net\minidev\json-smart\2.3\json-smart-2.3.jar;D:\Resources\MavenRepository\net\minidev\accessors-smart\1.2\accessors-smart-1.2.jar;D:\Resources\MavenRepository\org\ow2\asm\asm\5.0.4\asm-5.0.4.jar;D:\Resources\MavenRepository\junit\junit\4.12\junit-4.12.jar;D:\Resources\MavenRepository\org\assertj\assertj-core\3.9.1\assertj-core-3.9.1.jar;D:\Resources\MavenRepository\org\mockito\mockito-core\2.15.0\mockito-core-2.15.0.jar;D:\Resources\MavenRepository\net\bytebuddy\byte-buddy\1.7.11\byte-buddy-1.7.11.jar;D:\Resources\MavenRepository\net\bytebuddy\byte-buddy-agent\1.7.11\byte-buddy-agent-1.7.11.jar;D:\Resources\MavenRepository\org\objenesis\objenesis\2.6\objenesis-2.6.jar;D:\Resources\MavenRepository\org\hamcrest\hamcrest-core\1.3\hamcrest-core-1.3.jar;D:\Resources\MavenRepository\org\hamcrest\hamcrest-library\1.3\hamcrest-library-1.3.jar;D:\Resources\MavenRepository\org\skyscreamer\jsonassert\1.5.0\jsonassert-1.5.0.jar;D:\Resources\MavenRepository\com\vaadin\external\google\android-json\0.0.20131108.vaadin1\android-json-0.0.20131108.vaadin1.jar;D:\Resources\MavenRepository\org\springframework\spring-core\5.0.7.RELEASE\spring-core-5.0.7.RELEASE.jar;D:\Resources\MavenRepository\org\springframework\spring-jcl\5.0.7.RELEASE\spring-jcl-5.0.7.RELEASE.jar;D:\Resources\MavenRepository\org\springframework\spring-test\5.0.7.RELEASE\spring-test-5.0.7.RELEASE.jar;D:\Resources\MavenRepository\org\xmlunit\xmlunit-core\2.5.1\xmlunit-core-2.5.1.jar;"/>
    <property name="sun.cpu.endian" value="little"/>
    <property name="user.home" value="C:\Users\twinkleYee"/>
    <property name="user.language" value="zh"/>
    <property name="java.specification.vendor" value="Oracle Corporation"/>
    <property name="java.home" value="C:\Program Files\Java\jdk1.8.0_101\jre"/>
    <property name="basedir" value="F:\1_git\neo4jGraph"/>
    <property name="file.separator" value="\"/>
    <property name="line.separator" value="&#10;"/>
    <property name="java.vm.specification.vendor" value="Oracle Corporation"/>
    <property name="java.specification.name" value="Java Platform API Specification"/>
    <property name="java.awt.graphicsenv" value="sun.awt.Win32GraphicsEnvironment"/>
    <property name="surefire.real.class.path" value="C:\Users\TWINKL~1\AppData\Local\Temp\surefire9216864437875624099\surefirebooter3707134497375313743.jar"/>
    <property name="sun.boot.class.path" value="C:\Program Files\Java\jdk1.8.0_101\jre\lib\resources.jar;C:\Program Files\Java\jdk1.8.0_101\jre\lib\rt.jar;C:\Program Files\Java\jdk1.8.0_101\jre\lib\sunrsasign.jar;C:\Program Files\Java\jdk1.8.0_101\jre\lib\jsse.jar;C:\Program Files\Java\jdk1.8.0_101\jre\lib\jce.jar;C:\Program Files\Java\jdk1.8.0_101\jre\lib\charsets.jar;C:\Program Files\Java\jdk1.8.0_101\jre\lib\jfr.jar;C:\Program Files\Java\jdk1.8.0_101\jre\classes"/>
    <property name="user.script" value=""/>
    <property name="sun.management.compiler" value="HotSpot 64-Bit Tiered Compilers"/>
    <property name="java.runtime.version" value="1.8.0_101-b13"/>
    <property name="user.name" value="twinkleYee"/>
    <property name="path.separator" value=";"/>
    <property name="os.version" value="10.0"/>
    <property name="java.endorsed.dirs" value="C:\Program Files\Java\jdk1.8.0_101\jre\lib\endorsed"/>
    <property name="java.runtime.name" value="Java(TM) SE Runtime Environment"/>
    <property name="file.encoding" value="GBK"/>
    <property name="java.vm.name" value="Java HotSpot(TM) 64-Bit Server VM"/>
    <property name="localRepository" value="D:\Resources\MavenRepository"/>
    <property name="java.vendor.url.bug" value="http://bugreport.sun.com/bugreport/"/>
    <property name="java.io.tmpdir" value="C:\Users\TWINKL~1\AppData\Local\Temp\"/>
    <property name="idea.version" value="2018.2.3"/>
    <property name="java.version" value="1.8.0_101"/>
    <property name="user.dir" value="F:\1_git\neo4jGraph"/>
    <property name="os.arch" value="amd64"/>
    <property name="java.vm.specification.name" value="Java Virtual Machine Specification"/>
    <property name="java.awt.printerjob" value="sun.awt.windows.WPrinterJob"/>
    <property name="sun.os.patch.level" value=""/>
    <property name="java.library.path" value="C:\Program Files\Java\jdk1.8.0_101\jre\bin;C:\Windows\Sun\Java\bin;C:\Windows\system32;C:\Windows;C:\ProgramData\Oracle\Java\javapath;C:\Windows\system32;C:\Windows;C:\Windows\System32\Wbem;C:\Windows\System32\WindowsPowerShell\v1.0\;C:\Windows\System32\OpenSSH\;C:\Program Files\Java\jdk1.8.0_101\bin;C:\Program Files\Java\jre1.8.0_101\bin;D:\Program Files\Git\cmd;D:\Program Files\nodejs\;D:\Program Files\apache-maven-3.5.0\bin;D:\Program Files\neo4j-community-3.5.11\bin;C:\Program Files\MySQL\MySQL Shell 8.0\bin\;C:\Users\twinkleYee\AppData\Roaming\npm;."/>
    <property name="java.vm.info" value="mixed mode"/>
    <property name="java.vendor" value="Oracle Corporation"/>
    <property name="java.vm.version" value="25.101-b13"/>
    <property name="java.ext.dirs" value="C:\Program Files\Java\jdk1.8.0_101\jre\lib\ext;C:\Windows\Sun\Java\lib\ext"/>
    <property name="sun.io.unicode.encoding" value="UnicodeLittle"/>
    <property name="maven.repo.local" value="D:\Resources\MavenRepository"/>
    <property name="java.class.version" value="52.0"/>
  </properties>
  <testcase name="getInFriendship" classname="com.graphdatabase.GraphApplicationTests" time="1.251"/>
  <testcase name="findAll" classname="com.graphdatabase.GraphApplicationTests" time="0.07"/>
  <testcase name="getBothFriendship" classname="com.graphdatabase.GraphApplicationTests" time="0.112"/>
  <testcase name="saveStudentNode" classname="com.graphdatabase.GraphApplicationTests" time="0.04"/>
  <testcase name="saveFriendship" classname="com.graphdatabase.GraphApplicationTests" time="0.03">
    <error message="Incorrect result size: expected at most 1" type="org.springframework.dao.IncorrectResultSizeDataAccessException">org.springframework.dao.IncorrectResultSizeDataAccessException: Incorrect result size: expected at most 1
	at com.graphdatabase.GraphApplicationTests.saveFriendship(GraphApplicationTests.java:92)
</error>
    <system-out><![CDATA[2019-11-03 11:50:01.160  INFO 4980 --- [           main] o.n.o.drivers.bolt.request.BoltRequest   : Request: MATCH (n:`StudentNode`) WHERE n.`name` = { `name_0` } WITH n RETURN n,[ [ (n)-[r_f1:`FRIENDSHIP_RELATION`]->(s1:`StudentNode`) | [ r_f1, s1 ] ] ], ID(n) with params {name_0=张1}
]]></system-out>
  </testcase>
  <testcase name="getOutFriendship" classname="com.graphdatabase.GraphApplicationTests" time="0.04"/>
  <testcase name="deleteFriendship" classname="com.graphdatabase.GraphApplicationTests" time="0.03">
    <error message="Incorrect result size: expected at most 1" type="org.springframework.dao.IncorrectResultSizeDataAccessException">org.springframework.dao.IncorrectResultSizeDataAccessException: Incorrect result size: expected at most 1
	at com.graphdatabase.GraphApplicationTests.deleteFriendship(GraphApplicationTests.java:143)
</error>
    <system-out><![CDATA[2019-11-03 11:50:01.220  INFO 4980 --- [           main] o.n.o.drivers.bolt.request.BoltRequest   : Request: MATCH (n:`StudentNode`) WHERE n.`name` = { `name_0` } WITH n RETURN n,[ [ (n)-[r_f1:`FRIENDSHIP_RELATION`]->(s1:`StudentNode`) | [ r_f1, s1 ] ] ], ID(n) with params {name_0=张1}
]]></system-out>
  </testcase>
  <testcase name="findStudentNodeByName" classname="com.graphdatabase.GraphApplicationTests" time="0.02">
    <error message="Incorrect result size: expected at most 1" type="org.springframework.dao.IncorrectResultSizeDataAccessException">org.springframework.dao.IncorrectResultSizeDataAccessException: Incorrect result size: expected at most 1
	at com.graphdatabase.GraphApplicationTests.findStudentNodeByName(GraphApplicationTests.java:43)
</error>
    <system-out><![CDATA[2019-11-03 11:50:01.250  INFO 4980 --- [           main] o.n.o.drivers.bolt.request.BoltRequest   : Request: MATCH (n:`StudentNode`) WHERE n.`name` = { `name_0` } WITH n RETURN n,[ [ (n)-[r_f1:`FRIENDSHIP_RELATION`]->(s1:`StudentNode`) | [ r_f1, s1 ] ] ], ID(n) with params {name_0=张0}
]]></system-out>
  </testcase>
  <testcase name="saveAllStudentNode" classname="com.graphdatabase.GraphApplicationTests" time="0.03"/>
</testsuite>